[07:56:59] [ServerMain/INFO]: Environment: authHost='https://authserver.mojang.com', accountsHost='https://api.mojang.com', sessionHost='https://sessionserver.mojang.com', servicesHost='https://api.minecraftservices.com', name='PROD'
[07:57:01] [ServerMain/INFO]: Loaded 7 recipes
[07:57:02] [Server thread/INFO]: Starting minecraft server version 1.19.4
[07:57:02] [Server thread/INFO]: Loading properties
[07:57:02] [Server thread/INFO]: This server is running Paper version git-Paper-550 (MC: 1.19.4) (Implementing API version 1.19.4-R0.1-SNAPSHOT) (Git: 483368e on ver/1.19.4)
[07:57:02] [Server thread/INFO]: Server Ping Player Sample Count: 12
[07:57:02] [Server thread/INFO]: Using 4 threads for Netty based IO
[07:57:02] [Server thread/WARN]: [!] The timings profiler has been enabled but has been scheduled for removal from Paper in the future.
    We recommend installing the spark profiler as a replacement: https://spark.lucko.me/
    For more information please visit: https://github.com/PaperMC/Paper/issues/8948
[07:57:02] [Server thread/INFO]: [ChunkTaskScheduler] Chunk system is using 1 I/O threads, 1 worker threads, and gen parallelism of 1 threads
[07:57:03] [Server thread/INFO]: Default game type: SURVIVAL
[07:57:03] [Server thread/INFO]: Generating keypair
[07:57:03] [Server thread/INFO]: Starting Minecraft server on 0.0.0.0:41957
[07:57:03] [Server thread/INFO]: Using epoll channel type
[07:57:03] [Server thread/INFO]: Paper: Using libdeflate (Linux x86_64) compression from Velocity.
[07:57:03] [Server thread/INFO]: Paper: Using OpenSSL 1.1.x (Linux x86_64) cipher from Velocity.
[07:57:05] [Server thread/WARN]: [org.bukkit.craftbukkit.v1_19_R3.legacy.CraftLegacy] Initializing Legacy Material Support. Unless you have legacy plugins and/or data this is a bug!
[07:57:09] [Server thread/WARN]: Legacy plugin BCommons v0.3.0 does not specify an api-version.
[07:57:10] [Server thread/INFO]: [ViaVersion] Loading server plugin ViaVersion v4.7.0
[07:57:10] [Server thread/INFO]: [ViaVersion] ViaVersion 4.7.0 is now loaded. Registering protocol transformers and injecting...
[07:57:11] [Via-Mappingloader-0/INFO]: [ViaVersion] Loading block connection mappings ...
[07:57:11] [Server thread/INFO]: [LuckPerms] Loading server plugin LuckPerms v5.4.82
[07:57:11] [Via-Mappingloader-0/INFO]: [ViaVersion] Using FastUtil Long2ObjectOpenHashMap for block connections
[07:57:12] [Server thread/INFO]: [Vault] Loading server plugin Vault v1.7.3-b131
[07:57:12] [Server thread/INFO]: [WorldEdit] Loading server plugin WorldEdit v7.2.14+6360-094b734
[07:57:12] [Server thread/INFO]: Got request to register class com.sk89q.worldedit.bukkit.BukkitServerInterface with WorldEdit [com.sk89q.worldedit.extension.platform.PlatformManager@4136fd13]
[07:57:12] [Server thread/INFO]: [Essentials] Loading server plugin Essentials v2.20.0
[07:57:12] [Server thread/INFO]: [PlaceholderAPI] Loading server plugin PlaceholderAPI v2.11.3
[07:57:12] [Server thread/INFO]: [Multiverse-Core] Loading server plugin Multiverse-Core v4.3.1-b861
[07:57:12] [Server thread/INFO]: [WorldGuard] Loading server plugin WorldGuard v7.0.8+33cdb4a
[07:57:12] [Server thread/INFO]: [BCommons] Loading server plugin BCommons v0.3.0
[07:57:12] [Server thread/INFO]: [EssentialsChat] Loading server plugin EssentialsChat v2.20.1-dev+13-a116e86
[07:57:12] [Server thread/INFO]: [floodgate] Loading server plugin floodgate v2.2.2-SNAPSHOT (b59-2278589)
[07:57:13] [Server thread/WARN]: [floodgate] en_ is not a supported Floodgate language.
[07:57:13] [Server thread/INFO]: [floodgate] Took 648ms to boot Floodgate
[07:57:13] [Server thread/INFO]: [ajLeaderboards] Loading server plugin ajLeaderboards v2.7.0
[07:57:13] [Server thread/INFO]: [ajLeaderboards] Verifying checksum for gson
[07:57:13] [Server thread/INFO]: [ajLeaderboards] Checksum matched for gson
[07:57:13] [Server thread/INFO]: [ajLeaderboards] Verifying checksum for jar-relocator
[07:57:13] [Server thread/INFO]: [ajLeaderboards] Checksum matched for jar-relocator
[07:57:13] [Server thread/INFO]: [ajLeaderboards] Verifying checksum for asm
[07:57:13] [Server thread/INFO]: [ajLeaderboards] Checksum matched for asm
[07:57:13] [Server thread/INFO]: [ajLeaderboards] Verifying checksum for asm-commons
[07:57:13] [Server thread/INFO]: [ajLeaderboards] Checksum matched for asm-commons
[07:57:13] [Server thread/INFO]: [ajLeaderboards] Verifying checksum for gson
[07:57:13] [Server thread/INFO]: [ajLeaderboards] Checksum matched for gson
[07:57:13] [Server thread/INFO]: [ajLeaderboards] Verifying checksum for HikariCP
[07:57:13] [Server thread/INFO]: [ajLeaderboards] Checksum matched for HikariCP
[07:57:13] [Server thread/INFO]: [ajLeaderboards] Verifying checksum for slf4j-api
[07:57:13] [Server thread/INFO]: [ajLeaderboards] Checksum matched for slf4j-api
[07:57:13] [Server thread/INFO]: [ajLeaderboards] Verifying checksum for h2
[07:57:13] [Server thread/INFO]: [ajLeaderboards] Checksum matched for h2
[07:57:13] [Server thread/INFO]: [BetterRTP] Loading server plugin BetterRTP v3.6.9-1
[07:57:13] [Server thread/INFO]: [TimedRewards] Loading server plugin TimedRewards v1.1.20
[07:57:13] [Server thread/INFO]: [CratesPlus] Loading server plugin CratesPlus v4.5.3
[07:57:13] [Server thread/INFO]: [EconomyShopGUI] Loading server plugin EconomyShopGUI v5.5.0
[07:57:13] [Server thread/INFO]: [DiscordSRV] Loading server plugin DiscordSRV v1.26.2
[07:57:13] [Server thread/INFO]: [DecentHolograms] Loading server plugin DecentHolograms v2.8.2
[07:57:13] [Server thread/INFO]: [RealScoreboard] Loading server plugin RealScoreboard v1.1
[07:57:13] [Server thread/INFO]: [MySpawn] Loading server plugin MySpawn v2.1a23
[07:57:13] [Server thread/INFO]: [PvPManager] Loading server plugin PvPManager v3.14
[07:57:13] [Server thread/INFO]: [ServersNPC] Loading server plugin ServersNPC v4.1
[07:57:13] [Server thread/INFO]: [Geyser-Spigot] Loading server plugin Geyser-Spigot v2.1.1-SNAPSHOT
[07:57:15] [Server thread/INFO]: [Geyser-Spigot] Loading extensions...
[07:57:15] [Server thread/INFO]: [Geyser-Spigot] Loaded 0 extension(s)
[07:57:15] [Server thread/INFO]: Server permissions file permissions.yml is empty, ignoring it
[07:57:15] [Server thread/INFO]: [LuckPerms] Enabling LuckPerms v5.4.82
[07:57:16] [Server thread/INFO]:         __    
[07:57:16] [Server thread/INFO]:   |    |__)   LuckPerms v5.4.82
[07:57:16] [Server thread/INFO]:   |___ |      Running on Bukkit - Paper
[07:57:16] [Server thread/INFO]: 
[07:57:16] [Server thread/INFO]: [LuckPerms] Loading configuration...
[07:57:16] [Server thread/INFO]: [LuckPerms] Loading storage provider... [H2]
[07:57:18] [Server thread/INFO]: [LuckPerms] Loading internal permission managers...
[07:57:18] [Server thread/INFO]: [LuckPerms] Performing initial data load...
[07:57:19] [Server thread/INFO]: [LuckPerms] Successfully enabled. (took 3878ms)
[07:57:19] [Server thread/INFO]: [Vault] Enabling Vault v1.7.3-b131
[07:57:19] [Server thread/INFO]: [Vault] [Economy] Essentials Economy found: Waiting
[07:57:19] [Server thread/INFO]: [Vault] [Permission] SuperPermissions loaded as backup permission system.
[07:57:19] [Server thread/INFO]: [Vault] Enabled Version 1.7.3-b131
[07:57:19] [Server thread/INFO]: [LuckPerms] Registered Vault permission & chat hook.
[07:57:19] [Server thread/INFO]: [WorldEdit] Enabling WorldEdit v7.2.14+6360-094b734
[07:57:19] [Server thread/INFO]: Registering commands with com.sk89q.worldedit.bukkit.BukkitServerInterface
[07:57:19] [Server thread/INFO]: WEPIF: Vault detected! Using Vault for permissions
[07:57:20] [Server thread/INFO]: Using com.sk89q.worldedit.bukkit.adapter.impl.v1_19_R3.PaperweightAdapter as the Bukkit adapter
[07:57:22] [Server thread/WARN]: **** SERVER IS RUNNING IN OFFLINE/INSECURE MODE!
[07:57:22] [Server thread/WARN]: The server will make no attempt to authenticate usernames. Beware.
[07:57:22] [Server thread/WARN]: While this makes the game possible to play without internet access, it also opens up the ability for hackers to connect with any username they choose.
[07:57:22] [Server thread/WARN]: To change this, set "online-mode" to "true" in the server.properties file.
[07:57:22] [Server thread/INFO]: Preparing level "world"
[07:57:24] [Server thread/INFO]: Preparing start region for dimension minecraft:overworld
[07:57:24] [Server thread/INFO]: Time elapsed: 211 ms
[07:57:24] [Server thread/INFO]: Preparing start region for dimension minecraft:the_nether
[07:57:24] [Server thread/INFO]: Time elapsed: 52 ms
[07:57:24] [Server thread/INFO]: Preparing start region for dimension minecraft:the_end
[07:57:24] [Server thread/INFO]: Time elapsed: 53 ms
[07:57:24] [Server thread/INFO]: [ViaVersion] Enabling ViaVersion v4.7.0
[07:57:24] [Server thread/INFO]: [ViaVersion] ViaVersion detected server version: 1.19.4 (762)
[07:57:24] [Server thread/INFO]: [Essentials] Enabling Essentials v2.20.0
[07:57:24] [Server thread/WARN]: [Essentials] Version mismatch! Please update EssentialsChat to the same version.
[07:57:24] [Server thread/INFO]: [Essentials] Attempting to convert old kits in config.yml to new kits.yml
[07:57:24] [Server thread/INFO]: [Essentials] No kits found to migrate.
[07:57:25] [Server thread/INFO]: [Essentials] Loaded 38132 items from items.json.
[07:57:25] [Server thread/INFO]: [Essentials] Using locale en
[07:57:25] [Server thread/INFO]: [Essentials] ServerListPingEvent: Spigot iterator API
[07:57:25] [Server thread/INFO]: [Essentials] Starting Metrics. Opt-out using the global bStats config.
[07:57:26] [Server thread/INFO]: [Vault] [Economy] Essentials Economy hooked.
[07:57:26] [Server thread/INFO]: [Essentials] Using Vault based permissions (LuckPerms)
[07:57:26] [Server thread/INFO]: [PlaceholderAPI] Enabling PlaceholderAPI v2.11.3
[07:57:26] [Server thread/INFO]: [PlaceholderAPI] Fetching available expansion information...
[07:57:26] [Server thread/INFO]: [Multiverse-Core] Enabling Multiverse-Core v4.3.1-b861
[07:57:26] [Server thread/WARN]: [Multiverse-Core] "Multiverse-Core v4.3.1-b861" has registered a listener for org.bukkit.event.entity.EntityCreatePortalEvent on method "public void com.onarandombox.MultiverseCore.listeners.MVPortalListener.entityPortalCreate(org.bukkit.event.entity.EntityCreatePortalEvent)", but the event is Deprecated. "Server performance will be affected"; please notify the authors [dumptruckman, Rigby, fernferret, lithium3141, main--].
[07:57:26] [Server thread/INFO]: [Multiverse-Core] §aWe are aware of the warning about the deprecated event. There is no alternative that allows us to do what we need to do and performance impact is negligible. It is safe to ignore.
[07:57:27] [Server thread/INFO]: Preparing start region for dimension minecraft:lobby
[07:57:27] [Server thread/INFO]: Time elapsed: 154 ms
[07:57:27] [Server thread/INFO]: [Multiverse-Core] 4 - World(s) loaded.
[07:57:27] [Server thread/WARN]: [Multiverse-Core] Buscript failed to load! The script command will be disabled! If you would like not to see this message, use `/mv conf enablebuscript false` to disable Buscript from loading.
[07:57:27] [Server thread/INFO]: [Multiverse-Core] Version 4.3.1-b861 (API v24) Enabled - By dumptruckman, Rigby, fernferret, lithium3141 and main--
[07:57:27] [Server thread/INFO]: [WorldGuard] Enabling WorldGuard v7.0.8+33cdb4a
[07:57:28] [Server thread/INFO]: [WorldGuard] (world) TNT ignition is PERMITTED.
[07:57:28] [Server thread/INFO]: [WorldGuard] (world) Lighters are PERMITTED.
[07:57:28] [Server thread/INFO]: [WorldGuard] (world) Lava fire is PERMITTED.
[07:57:28] [Server thread/INFO]: [WorldGuard] (world) Fire spread is UNRESTRICTED.
[07:57:28] [Server thread/INFO]: [WorldGuard] Loaded configuration for world 'world'
[07:57:28] [Server thread/INFO]: [WorldGuard] (world_nether) TNT ignition is PERMITTED.
[07:57:28] [Server thread/INFO]: [WorldGuard] (world_nether) Lighters are PERMITTED.
[07:57:28] [Server thread/INFO]: [WorldGuard] (world_nether) Lava fire is PERMITTED.
[07:57:28] [Server thread/INFO]: [WorldGuard] (world_nether) Fire spread is UNRESTRICTED.
[07:57:28] [Server thread/INFO]: [WorldGuard] Loaded configuration for world 'world_nether'
[07:57:28] [Server thread/INFO]: [WorldGuard] (world_the_end) TNT ignition is PERMITTED.
[07:57:28] [Server thread/INFO]: [WorldGuard] (world_the_end) Lighters are PERMITTED.
[07:57:28] [Server thread/INFO]: [WorldGuard] (world_the_end) Lava fire is PERMITTED.
[07:57:28] [Server thread/INFO]: [WorldGuard] (world_the_end) Fire spread is UNRESTRICTED.
[07:57:28] [Server thread/INFO]: [WorldGuard] Loaded configuration for world 'world_the_end'
[07:57:28] [Server thread/INFO]: [WorldGuard] (lobby) TNT ignition is PERMITTED.
[07:57:28] [Server thread/INFO]: [WorldGuard] (lobby) Lighters are PERMITTED.
[07:57:28] [Server thread/INFO]: [WorldGuard] (lobby) Lava fire is PERMITTED.
[07:57:28] [Server thread/INFO]: [WorldGuard] (lobby) Fire spread is UNRESTRICTED.
[07:57:28] [Server thread/INFO]: [WorldGuard] Loaded configuration for world 'lobby'
[07:57:28] [Server thread/INFO]: [WorldGuard] Loading region data...
[07:57:28] [Server thread/INFO]: [BCommons] Enabling BCommons v0.3.0*
[07:57:28] [Server thread/INFO]: [BCommons] [Info]: Server version: 1.19 (v1_19_R3, legacy: false).
[07:57:28] [Server thread/INFO]: [BCommons] [Info]: Registered worker: WorkerBInventory.
[07:57:28] [Server thread/INFO]: [EssentialsChat] Enabling EssentialsChat v2.20.1-dev+13-a116e86
[07:57:28] [Server thread/WARN]: [EssentialsChat] Version mismatch! Please update all Essentials jars to the same version.
[07:57:28] [Server thread/INFO]: [EssentialsChat] Starting Metrics. Opt-out using the global bStats config.
[07:57:28] [Server thread/INFO]: [floodgate] Enabling floodgate v2.2.2-SNAPSHOT (b59-2278589)
[07:57:29] [Server thread/INFO]: [ajLeaderboards] Enabling ajLeaderboards v2.7.0
[07:57:29] [Server thread/INFO]: [ajLeaderboards] Using H2 flatfile for board cache. (h2)
[07:57:30] [Server thread/INFO]: [ajLeaderboards] The columns already exist for playtime_player. Canceling updater and bumping DB version.
[07:57:30] [Server thread/INFO]: [ajLeaderboards] The columns already exist for statistic_player_kills. Canceling updater and bumping DB version.
[07:57:30] [Server thread/INFO]: [ajLeaderboards] The columns already exist for statistic_time_played. Canceling updater and bumping DB version.
[07:57:30] [Server thread/INFO]: [ajLeaderboards] The columns already exist for statz_players_killed. Canceling updater and bumping DB version.
[07:57:30] [Server thread/INFO]: [ajLeaderboards] The columns already exist for statz_time_played. Canceling updater and bumping DB version.
[07:57:30] [Server thread/INFO]: [ajLeaderboards] The columns already exist for vault_eco_balance. Canceling updater and bumping DB version.
[07:57:30] [Server thread/INFO]: [ajLeaderboards] Loaded 6 boards
[07:57:30] [Server thread/INFO]: [PlaceholderAPI] Successfully registered expansion: ajlb [2.7.0]
[07:57:30] [Server thread/INFO]: [ajLeaderboards] PAPI placeholders successfully registered!
[07:57:30] [Server thread/INFO]: [ajLeaderboards] ajLeaderboards v2.7.0 by ajgeiss0702 enabled!
[07:57:30] [Server thread/INFO]: [BetterRTP] Enabling BetterRTP v3.6.9-1
[07:57:31] [Server thread/INFO]: [PlaceholderAPI] Successfully registered expansion: betterrtp [3.6.9-1]
[07:57:31] [Server thread/INFO]: [TimedRewards] Enabling TimedRewards v1.1.20
[07:57:31] [Server thread/INFO]: [TimedRewards] [Info]: TimedRewards (free) enable start.
[07:57:31] [Server thread/INFO]: [TimedRewards] [Info]: Purchase the premium version for multiple menus, unclaimed an claimed items, vote rewards,
[07:57:31] [Server thread/INFO]: [TimedRewards] [Info]: in-game management and more. https://www.spigotmc.org/resources/46501/
[07:57:31] [Server thread/INFO]: [TimedRewards] [Info]: Registered worker: WorkerPlaceholder.
[07:57:31] [Server thread/INFO]: [PlaceholderAPI] Successfully registered expansion: trs [1.1.20]
[07:57:31] [Server thread/INFO]: [TimedRewards] [Info]: Registered worker: WorkerRewardMenu.
[07:57:31] [Server thread/INFO]: [TimedRewards] [Info]: Loaded 1 reward items (time taken: 37ms).
[07:57:31] [Server thread/INFO]: [TimedRewards] [Info]: Registered command: rewards with 0 children.
[07:57:31] [Server thread/INFO]: [TimedRewards] [Info]: Registered command: timedrewards with 3 children.
[07:57:31] [Server thread/INFO]: [CratesPlus] Enabling CratesPlus v4.5.3
[07:57:31] [Server thread/WARN]: [CratesPlus] CratesPlus has not yet been officially tested with Bukkit 1.19.4 but should still work
[07:57:31] [Server thread/WARN]: [CratesPlus] Please let me know if there are any errors or issues
[07:57:31] [Server thread/WARN]: [CratesPlus] Only 1.8 - 1.9 supports the built in holograms, please use HolographicDisplays or Individual Holograms for holograms to work
[07:57:31] [Server thread/INFO]: CratesPlus Version 4.5.3
[07:57:31] [Server thread/INFO]: You are using the built in handler for holograms. This will be removed in a future update! It is recommended to install Individual Holograms or HolographicDisplays which CratesPlus will then use to handle holograms.
[07:57:31] [Server thread/INFO]: [EconomyShopGUI] Enabling EconomyShopGUI v5.5.0
[07:57:32] [Server thread/INFO]: [EconomyShopGUI] [INFO]: Using lang-en.yml as language file.
[07:57:32] [Server thread/INFO]: [EconomyShopGUI] [INFO]: Shops.yml has been found!
[07:57:32] [Server thread/INFO]: [EconomyShopGUI] [INFO]: Sections.yml has been found!
[07:57:32] [Server thread/INFO]: [EconomyShopGUI] [INFO]: Successfully hooked into Vault
[07:57:32] [Server thread/INFO]: [EconomyShopGUI] [DEBUG]: Completed loading '1' economy provider(s) for all 21 shop sections.
[07:57:32] [Server thread/INFO]: [EconomyShopGUI] [INFO]: Using minecraft version 1.19.4...
[07:57:32] [Server thread/INFO]: [EconomyShopGUI] [INFO]: Spawner provider set to DEFAULT in config
[07:57:32] [Server thread/INFO]: [EconomyShopGUI] [INFO]: Using plugin default spawners...
[07:57:32] [Server thread/INFO]: [EconomyShopGUI] [INFO]: Debug mode is enabled.
[07:57:32] [Server thread/INFO]: [EconomyShopGUI] [INFO]: Updating Shop settings...
[07:57:32] [Server thread/INFO]: [EconomyShopGUI] [INFO]: Loading all items...
[07:57:32] [Server thread/INFO]: [EconomyShopGUI] [WARN]: Failed to load item material like 'sheild', possibly it doesn't exist or is spelled wrong.
[07:57:32] [Server thread/INFO]: [EconomyShopGUI] [WARN]: Item path in shops.yml: pvp.17
[07:57:32] [Server thread/INFO]: [EconomyShopGUI] [WARN]: Failed to load item material like 'sugarcane"', possibly it doesn't exist or is spelled wrong.
[07:57:32] [Server thread/INFO]: [EconomyShopGUI] [WARN]: Item path in shops.yml: farm.7
[07:57:32] [Server thread/INFO]: [EconomyShopGUI] [WARN]: The buy value needs to be a decimal or a number.
[07:57:32] [Server thread/INFO]: [EconomyShopGUI] [WARN]: Item path in shops.yml: Blocks.15
[07:57:32] [Server thread/INFO]: [EconomyShopGUI] [WARN]: The buy value needs to be a decimal or a number.
[07:57:32] [Server thread/INFO]: [EconomyShopGUI] [WARN]: Item path in shops.yml: Blocks.21
[07:57:32] [Server thread/INFO]: [EconomyShopGUI] [WARN]: This item material is not supported in this minecraft version.
[07:57:32] [Server thread/INFO]: [EconomyShopGUI] [WARN]: Item path in shops.yml: Decoration.107
[07:57:32] [Server thread/INFO]: [EconomyShopGUI] [WARN]: This item material is not supported in this minecraft version.
[07:57:32] [Server thread/INFO]: [EconomyShopGUI] [WARN]: Item path in shops.yml: Decoration.108
[07:57:32] [Server thread/INFO]: [EconomyShopGUI] [WARN]: This item material is not supported in this minecraft version.
[07:57:32] [Server thread/INFO]: [EconomyShopGUI] [WARN]: Item path in shops.yml: Decoration.109
[07:57:32] [Server thread/INFO]: [EconomyShopGUI] [WARN]: This item material is not supported in this minecraft version.
[07:57:32] [Server thread/INFO]: [EconomyShopGUI] [WARN]: Item path in shops.yml: Decoration.110
[07:57:32] [Server thread/INFO]: [EconomyShopGUI] [WARN]: This item material is not supported in this minecraft version.
[07:57:32] [Server thread/INFO]: [EconomyShopGUI] [WARN]: Item path in shops.yml: Decoration.111
[07:57:32] [Server thread/INFO]: [EconomyShopGUI] [WARN]: This item material is not supported in this minecraft version.
[07:57:32] [Server thread/INFO]: [EconomyShopGUI] [WARN]: Item path in shops.yml: Decoration.112
[07:57:32] [Server thread/INFO]: [EconomyShopGUI] [WARN]: This item material is not supported in this minecraft version.
[07:57:32] [Server thread/INFO]: [EconomyShopGUI] [WARN]: Item path in shops.yml: Decoration.113
[07:57:32] [Server thread/INFO]: [EconomyShopGUI] [WARN]: This item material is not supported in this minecraft version.
[07:57:32] [Server thread/INFO]: [EconomyShopGUI] [WARN]: Item path in shops.yml: Decoration.115
[07:57:32] [Server thread/INFO]: [EconomyShopGUI] [WARN]: This item material is not supported in this minecraft version.
[07:57:32] [Server thread/INFO]: [EconomyShopGUI] [WARN]: Item path in shops.yml: Decoration.116
[07:57:32] [Server thread/INFO]: [EconomyShopGUI] [WARN]: This item material is not supported in this minecraft version.
[07:57:32] [Server thread/INFO]: [EconomyShopGUI] [WARN]: Item path in shops.yml: Decoration.117
[07:57:32] [Server thread/INFO]: [EconomyShopGUI] [WARN]: This item material is not supported in this minecraft version.
[07:57:32] [Server thread/INFO]: [EconomyShopGUI] [WARN]: Item path in shops.yml: Decoration.118
[07:57:32] [Server thread/INFO]: [EconomyShopGUI] [WARN]: This item material is not supported in this minecraft version.
[07:57:32] [Server thread/INFO]: [EconomyShopGUI] [WARN]: Item path in shops.yml: Decoration.119
[07:57:32] [Server thread/INFO]: [EconomyShopGUI] [WARN]: This item material is not supported in this minecraft version.
[07:57:32] [Server thread/INFO]: [EconomyShopGUI] [WARN]: Item path in shops.yml: Decoration.120
[07:57:32] [Server thread/INFO]: [EconomyShopGUI] [WARN]: This item material is not supported in this minecraft version.
[07:57:32] [Server thread/INFO]: [EconomyShopGUI] [WARN]: Item path in shops.yml: Decoration.121
[07:57:32] [Server thread/INFO]: [EconomyShopGUI] [WARN]: This item material is not supported in this minecraft version.
[07:57:32] [Server thread/INFO]: [EconomyShopGUI] [WARN]: Item path in shops.yml: Decoration.122
[07:57:32] [Server thread/INFO]: [EconomyShopGUI] [WARN]: This item material is not supported in this minecraft version.
[07:57:32] [Server thread/INFO]: [EconomyShopGUI] [WARN]: Item path in shops.yml: Decoration.123
[07:57:32] [Server thread/INFO]: [EconomyShopGUI] [WARN]: This item material is not supported in this minecraft version.
[07:57:32] [Server thread/INFO]: [EconomyShopGUI] [WARN]: Item path in shops.yml: Decoration.124
[07:57:32] [Server thread/INFO]: [EconomyShopGUI] [WARN]: This item material is not supported in this minecraft version.
[07:57:32] [Server thread/INFO]: [EconomyShopGUI] [WARN]: Item path in shops.yml: Decoration.125
[07:57:32] [Server thread/INFO]: [EconomyShopGUI] [WARN]: This item material is not supported in this minecraft version.
[07:57:32] [Server thread/INFO]: [EconomyShopGUI] [WARN]: Item path in shops.yml: Decoration.126
[07:57:32] [Server thread/INFO]: [EconomyShopGUI] [WARN]: This item material is not supported in this minecraft version.
[07:57:32] [Server thread/INFO]: [EconomyShopGUI] [WARN]: Item path in shops.yml: Decoration.127
[07:57:32] [Server thread/INFO]: [EconomyShopGUI] [WARN]: This item material is not supported in this minecraft version.
[07:57:32] [Server thread/INFO]: [EconomyShopGUI] [WARN]: Item path in shops.yml: Decoration.131
[07:57:32] [Server thread/INFO]: [EconomyShopGUI] [WARN]: This item material is not supported in this minecraft version.
[07:57:32] [Server thread/INFO]: [EconomyShopGUI] [WARN]: Item path in shops.yml: Decoration.133
[07:57:32] [Server thread/INFO]: [EconomyShopGUI] [WARN]: This item material is not supported in this minecraft version.
[07:57:32] [Server thread/INFO]: [EconomyShopGUI] [WARN]: Item path in shops.yml: Decoration.136
[07:57:32] [Server thread/INFO]: [EconomyShopGUI] [WARN]: This item material is not supported in this minecraft version.
[07:57:32] [Server thread/INFO]: [EconomyShopGUI] [WARN]: Item path in shops.yml: Decoration.137
[07:57:32] [Server thread/INFO]: [EconomyShopGUI] [WARN]: This item material is not supported in this minecraft version.
[07:57:32] [Server thread/INFO]: [EconomyShopGUI] [WARN]: Item path in shops.yml: Decoration.143
[07:57:32] [Server thread/INFO]: [EconomyShopGUI] [WARN]: This item material is not supported in this minecraft version.
[07:57:32] [Server thread/INFO]: [EconomyShopGUI] [WARN]: Item path in shops.yml: Dyes.27
[07:57:32] [Server thread/INFO]: [EconomyShopGUI] [WARN]: This item material is not supported in this minecraft version.
[07:57:32] [Server thread/INFO]: [EconomyShopGUI] [WARN]: Item path in shops.yml: Farming.20
[07:57:32] [Server thread/INFO]: [EconomyShopGUI] [WARN]: This item material is not supported in this minecraft version.
[07:57:32] [Server thread/INFO]: [EconomyShopGUI] [WARN]: Item path in shops.yml: Miscellaneous.30
[07:57:32] [Server thread/INFO]: [EconomyShopGUI] [WARN]: This item material is not supported in this minecraft version.
[07:57:32] [Server thread/INFO]: [EconomyShopGUI] [WARN]: Item path in shops.yml: Music.12
[07:57:32] [Server thread/INFO]: [EconomyShopGUI] [WARN]: This item material is not supported in this minecraft version.
[07:57:33] [Server thread/INFO]: [EconomyShopGUI] [WARN]: Item path in shops.yml: Redstone.29
[07:57:33] [Server thread/INFO]: [EconomyShopGUI] Initialized - Took 1251ms to complete
[07:57:33] [Server thread/INFO]: [DiscordSRV] Enabling DiscordSRV v1.26.2
[07:57:33] [Server thread/INFO]: [DecentHolograms] Enabling DecentHolograms v2.8.2
[07:57:33] [Server thread/INFO]: [RealScoreboard] Enabling RealScoreboard v1.1
[07:57:34] [pool-58-thread-1/INFO]: [DiscordSRV] DiscordSRV is up-to-date. (767828469573c2f0fa3ed5a44feb0b2f15f2c02d)
[07:57:34] [Server thread/INFO]: [RealScoreboard] ------------------- RealScoreboard 1.1 -------------------
[07:57:34] [Server thread/INFO]: [RealScoreboard] Your config version is: 14
[07:57:34] [Server thread/INFO]: [RealScoreboard] Finished loading RealScoreboard.
[07:57:34] [Server thread/INFO]: [RealScoreboard] Server version: v1_19_R3 | Plugin Version: 1.1
[07:57:34] [Server thread/INFO]: [RealScoreboard] ------------------- RealScoreboard 1.1 -------------------
[07:57:34] [pool-18-thread-1/WARN]: [floodgate] 
**********************************
* The prefix you entered in your Floodgate config (_) could lead to username conflicts!
* Should a Java player join with the username _Notch, and a Bedrock player join as Notch (who will be given the name _Notch), unwanted results will happen!
* We strongly recommend using . as the prefix, but other alternatives that will not conflict include: +, - and *
**********************************
[07:57:34] [Server thread/INFO]: [MySpawn] Enabling MySpawn v2.1a23
[07:57:34] [Server thread/INFO]: [PvPManager] Enabling PvPManager v3.14
[07:57:34] [Server thread/INFO]: [PvPManager] Using player nametags: true
[07:57:34] [Server thread/INFO]: [PvPManager] Connected to SQLITE database successfully
[07:57:34] [Server thread/INFO]: [PvPManager] Players stored: 8
[07:57:34] [Server thread/INFO]: [PvPManager] WorldGuard Found! Enabling Support For WorldGuard Regions
[07:57:34] [Server thread/INFO]: [PvPManager] Essentials Found! Hooked successfully
[07:57:34] [Server thread/INFO]: [PvPManager] Vault Found! Using it for currency related features
[07:57:34] [Server thread/INFO]: [PvPManager] PlaceholderAPI Found! Hooked successfully
[07:57:34] [Server thread/INFO]: [PlaceholderAPI] Successfully registered expansion: pvpmanager [3.14]
[07:57:34] [Server thread/INFO]: [PvPManager] PvPManager Enabled (428 ms)
[07:57:34] [Server thread/INFO]: [ServersNPC] Enabling ServersNPC v4.1
[07:57:34] [Server thread/WARN]: [io.github.znetworkw.znpcservers.cache.TypeCache$BaseCache] No cache found for: [net.minecraft.world.entity.monster.warden.EntityWarden]
[07:57:34] [Server thread/WARN]: [io.github.znetworkw.znpcservers.cache.TypeCache$BaseCache] No cache found for: [net.minecraft.world.entity.monster.warden.EntityWarden] : []
[07:57:34] [Server thread/WARN]: [io.github.znetworkw.znpcservers.cache.TypeCache$BaseCache] Skipping cache for [net.minecraft.world.entity.monster.warden.EntityWarden]
[07:57:34] [DiscordSRV - Initialization/INFO]: [DiscordSRV] [JDA] Login Successful!
[07:57:34] [Server thread/INFO]: [Geyser-Spigot] Enabling Geyser-Spigot v2.1.1-SNAPSHOT
[07:57:35] [JDA MainWS-ReadThread/INFO]: [DiscordSRV] [JDA] Connected to WebSocket
[07:57:35] [PvPManager Worker Thread - 0/INFO]: [PvPManager] Checking for updates...
[07:57:35] [PvPManager Worker Thread - 0/INFO]: [PvPManager] No update found
[07:57:35] [Server thread/INFO]: [PlaceholderAPI] Placeholder expansion registration initializing...
[07:57:35] [Server thread/INFO]: [Geyser-Spigot] ******************************************
[07:57:35] [Server thread/INFO]: [Geyser-Spigot] 
[07:57:35] [Server thread/INFO]: [Geyser-Spigot] Loading Geyser version 2.1.1-SNAPSHOT (git-master-049d64d)
[07:57:35] [Server thread/INFO]: [Geyser-Spigot] 
[07:57:35] [Server thread/INFO]: [Geyser-Spigot] ******************************************
[07:57:35] [JDA MainWS-ReadThread/INFO]: [DiscordSRV] [JDA] Finished Loading!
[07:57:35] [DiscordSRV - Initialization/INFO]: [DiscordSRV] Found server G:FilipinoCraft | S4(1126015784708227072)
[07:57:35] [DiscordSRV - Initialization/INFO]: [DiscordSRV] - TC:general(1126015784708227075)
[07:57:35] [DiscordSRV - Initialization/INFO]: [DiscordSRV] - TC:rules(1126033539092197427)
[07:57:35] [DiscordSRV - Initialization/INFO]: [DiscordSRV] - TC:moderator-only(1126033539092197428)
[07:57:35] [DiscordSRV - Initialization/INFO]: [DiscordSRV] - TC:verify(1126016579226845194)
[07:57:35] [DiscordSRV - Initialization/INFO]: [DiscordSRV] - TC:server-chat(1126017640901656586)
[07:57:35] [DiscordSRV - Initialization/INFO]: [DiscordSRV] - TC:server-support(1126017696388091934)
[07:57:35] [DiscordSRV - Initialization/INFO]: [DiscordSRV] - TC:ip-port(1126017734652739625)
[07:57:35] [DiscordSRV - Initialization/INFO]: [DiscordSRV] - TC:minecraft-download-tutorial(1126017809349103626)
[07:57:35] [DiscordSRV - Initialization/INFO]: [DiscordSRV] - TC:text(1126017849442447431)
[07:57:35] [DiscordSRV - Initialization/INFO]: [DiscordSRV] - TC:reaction-role(1126018895120179270)
[07:57:35] [DiscordSRV - Initialization/INFO]: [DiscordSRV] - TC:new-joins(1126020648033058926)
[07:57:35] [DiscordSRV - Initialization/INFO]: [DiscordSRV] Console channel ID was invalid, not forwarding console output
[07:57:35] [DiscordSRV - Initialization/INFO]: [DiscordSRV] Enabling Essentials hook
[07:57:36] [DiscordSRV - Initialization/INFO]: [DiscordSRV] Enabling LuckPerms hook
[07:57:36] [DiscordSRV - Initialization/INFO]: [DiscordSRV] Enabling PlaceholderAPI hook
[07:57:41] [epollEventLoopGroup-4-1/INFO]: [Geyser-Spigot] Started Geyser on 0.0.0.0:49440
[07:57:41] [Server thread/INFO]: [Geyser-Spigot] Done (5.772s)! Run /geyser help for help!
[07:57:41] [Server thread/INFO]: Running delayed init tasks
[07:57:41] [Server thread/INFO]: [Essentials] Essentials found a compatible payment resolution method: Vault Compatibility Layer (v1.7.3-b131)!
[07:57:41] [Server thread/WARN]: [PlaceholderAPI] Cannot load expansion Statz due to a missing plugin: Statz
[07:57:41] [Server thread/INFO]: [PlaceholderAPI] Successfully registered expansion: vault [1.8.1]
[07:57:41] [Craft Scheduler Thread - 5 - ViaVersion/INFO]: [ViaVersion] Finished mapping loading, shutting down loader executor!
[07:57:41] [Craft Scheduler Thread - 6 - Essentials/INFO]: [Essentials] Fetching version information...
[07:57:41] [Server thread/INFO]: [PlaceholderAPI] Successfully registered expansion: statistic [2.0.1]
[07:57:41] [Server thread/INFO]: [PlaceholderAPI] Successfully registered expansion: player [2.0.4]
[07:57:41] [Server thread/INFO]: 3 placeholder hook(s) registered! 1 placeholder hook(s) have an update available.
[07:57:41] [Server thread/INFO]: [PlaceholderAPI] Successfully registered expansion: discordsrv [1.26.2]
[07:57:41] [Server thread/INFO]: Done (39.137s)! For help, type "help"
[07:57:41] [Server thread/INFO]: Timings Reset
[07:57:41] [Craft Scheduler Thread - 12 - DecentHolograms/INFO]: [DecentHolograms] Loading holograms... 
[07:57:41] [Craft Scheduler Thread - 16 - RealScoreboard/INFO]: [RealScoreboard] The plugin is updated to the latest version.
[07:57:41] [Craft Scheduler Thread - 7 - DecentHolograms/INFO]: 
A newer version of DecentHolograms is available. Download it from: https://www.spigotmc.org/resources/96927/
[07:57:41] [Craft Scheduler Thread - 17 - Vault/INFO]: [Vault] Checking for Updates ... 
[07:57:41] [Craft Scheduler Thread - 17 - Vault/INFO]: [Vault] No new version available
[07:57:41] [Craft Scheduler Thread - 12 - DecentHolograms/INFO]: [DecentHolograms] Loaded 6 holograms!
[07:57:41] [DiscordSRV - JDA Callback 0/INFO]: [DiscordSRV] Cleared all pre-existing slash commands in 1/1 guilds (0 cancelled)
[07:57:42] [Craft Scheduler Thread - 4 - CratesPlus/INFO]: Checking for updates via Spigot...
[07:57:42] [Craft Scheduler Thread - 4 - CratesPlus/INFO]: [CratesPlus] No update was found, you are running the latest version. Will check again later.
[07:57:43] [Server thread/WARN]: [io.github.znetworkw.znpcservers.cache.TypeCache$BaseCache] No cache found for: [net.minecraft.server.level.EntityPlayer] : []
[07:57:43] [Server thread/WARN]: [io.github.znetworkw.znpcservers.cache.TypeCache$BaseCache] Skipping cache for [net.minecraft.server.level.EntityPlayer]
[07:57:47] [epollEventLoopGroup-4-1/INFO]: [Geyser-Spigot] /127.193.223.215:51245 tried to connect!
[07:57:47] [epollEventLoopGroup-4-1/INFO]: [Geyser-Spigot] /127.193.223.215:51245 tried to connect!
[07:57:51] [epollEventLoopGroup-4-2/INFO]: [Geyser-Spigot] Player connected with username BlueCulty
[07:57:51] [defaultEventLoopGroup-7-2/INFO]: [Geyser-Spigot] BlueCulty (logged in as: BlueCulty) has connected to the Java server
[07:57:51] [Geyser Spigot connection thread-6-3/INFO]: UUID of player _BlueCulty is 00000000-0000-0000-0009-01f1c61f1110
[07:57:51] [Server thread/INFO]: [floodgate] Floodgate player logged in as _BlueCulty joined (UUID: 00000000-0000-0000-0009-01f1c61f1110)
[07:57:52] [Server thread/INFO]: %_BlueCulty joined the server!
[07:57:52] [Server thread/ERROR]: Could not pass event PlayerJoinEvent to MySpawn v2.1a23
java.lang.ArrayIndexOutOfBoundsException: Index 1 out of bounds for length 1
	at theangel256.myspawn.events.Join.OnJoin(Join.java:97) ~[MySpawn.jar:?]
	at com.destroystokyo.paper.event.executor.asm.generated.GeneratedEventExecutor298.execute(Unknown Source) ~[?:?]
	at org.bukkit.plugin.EventExecutor$2.execute(EventExecutor.java:77) ~[paper-api-1.19.4-R0.1-SNAPSHOT.jar:?]
	at co.aikar.timings.TimedEventExecutor.execute(TimedEventExecutor.java:81) ~[paper-api-1.19.4-R0.1-SNAPSHOT.jar:git-Paper-550]
	at org.bukkit.plugin.RegisteredListener.callEvent(RegisteredListener.java:70) ~[paper-api-1.19.4-R0.1-SNAPSHOT.jar:?]
	at io.papermc.paper.plugin.manager.PaperEventManager.callEvent(PaperEventManager.java:54) ~[paper-1.19.4.jar:git-Paper-550]
	at io.papermc.paper.plugin.manager.PaperPluginManagerImpl.callEvent(PaperPluginManagerImpl.java:126) ~[paper-1.19.4.jar:git-Paper-550]
	at org.bukkit.plugin.SimplePluginManager.callEvent(SimplePluginManager.java:615) ~[paper-api-1.19.4-R0.1-SNAPSHOT.jar:?]
	at net.minecraft.server.players.PlayerList.placeNewPlayer(PlayerList.java:332) ~[paper-1.19.4.jar:git-Paper-550]
	at net.minecraft.server.network.ServerLoginPacketListenerImpl.placeNewPlayer(ServerLoginPacketListenerImpl.java:202) ~[?:?]
	at net.minecraft.server.network.ServerLoginPacketListenerImpl.handleAcceptedLogin(ServerLoginPacketListenerImpl.java:183) ~[?:?]
	at net.minecraft.server.network.ServerLoginPacketListenerImpl.tick(ServerLoginPacketListenerImpl.java:85) ~[?:?]
	at net.minecraft.network.Connection.tick(Connection.java:595) ~[?:?]
	at net.minecraft.server.network.ServerConnectionListener.tick(ServerConnectionListener.java:234) ~[?:?]
	at net.minecraft.server.MinecraftServer.tickChildren(MinecraftServer.java:1576) ~[paper-1.19.4.jar:git-Paper-550]
	at net.minecraft.server.dedicated.DedicatedServer.tickChildren(DedicatedServer.java:447) ~[paper-1.19.4.jar:git-Paper-550]
	at net.minecraft.server.MinecraftServer.tickServer(MinecraftServer.java:1397) ~[paper-1.19.4.jar:git-Paper-550]
	at net.minecraft.server.MinecraftServer.runServer(MinecraftServer.java:1174) ~[paper-1.19.4.jar:git-Paper-550]
	at net.minecraft.server.MinecraftServer.lambda$spin$0(MinecraftServer.java:320) ~[paper-1.19.4.jar:git-Paper-550]
	at java.lang.Thread.run(Thread.java:833) ~[?:?]
[07:57:52] [Server thread/ERROR]: Could not pass event PlayerJoinEvent to MySpawn v2.1a23
java.lang.ArrayIndexOutOfBoundsException: Index 1 out of bounds for length 1
	at theangel256.myspawn.events.SoundsListener.ingresarAdmin(SoundsListener.java:30) ~[MySpawn.jar:?]
	at com.destroystokyo.paper.event.executor.asm.generated.GeneratedEventExecutor301.execute(Unknown Source) ~[?:?]
	at org.bukkit.plugin.EventExecutor$2.execute(EventExecutor.java:77) ~[paper-api-1.19.4-R0.1-SNAPSHOT.jar:?]
	at co.aikar.timings.TimedEventExecutor.execute(TimedEventExecutor.java:81) ~[paper-api-1.19.4-R0.1-SNAPSHOT.jar:git-Paper-550]
	at org.bukkit.plugin.RegisteredListener.callEvent(RegisteredListener.java:70) ~[paper-api-1.19.4-R0.1-SNAPSHOT.jar:?]
	at io.papermc.paper.plugin.manager.PaperEventManager.callEvent(PaperEventManager.java:54) ~[paper-1.19.4.jar:git-Paper-550]
	at io.papermc.paper.plugin.manager.PaperPluginManagerImpl.callEvent(PaperPluginManagerImpl.java:126) ~[paper-1.19.4.jar:git-Paper-550]
	at org.bukkit.plugin.SimplePluginManager.callEvent(SimplePluginManager.java:615) ~[paper-api-1.19.4-R0.1-SNAPSHOT.jar:?]
	at net.minecraft.server.players.PlayerList.placeNewPlayer(PlayerList.java:332) ~[paper-1.19.4.jar:git-Paper-550]
	at net.minecraft.server.network.ServerLoginPacketListenerImpl.placeNewPlayer(ServerLoginPacketListenerImpl.java:202) ~[?:?]
	at net.minecraft.server.network.ServerLoginPacketListenerImpl.handleAcceptedLogin(ServerLoginPacketListenerImpl.java:183) ~[?:?]
	at net.minecraft.server.network.ServerLoginPacketListenerImpl.tick(ServerLoginPacketListenerImpl.java:85) ~[?:?]
	at net.minecraft.network.Connection.tick(Connection.java:595) ~[?:?]
	at net.minecraft.server.network.ServerConnectionListener.tick(ServerConnectionListener.java:234) ~[?:?]
	at net.minecraft.server.MinecraftServer.tickChildren(MinecraftServer.java:1576) ~[paper-1.19.4.jar:git-Paper-550]
	at net.minecraft.server.dedicated.DedicatedServer.tickChildren(DedicatedServer.java:447) ~[paper-1.19.4.jar:git-Paper-550]
	at net.minecraft.server.MinecraftServer.tickServer(MinecraftServer.java:1397) ~[paper-1.19.4.jar:git-Paper-550]
	at net.minecraft.server.MinecraftServer.runServer(MinecraftServer.java:1174) ~[paper-1.19.4.jar:git-Paper-550]
	at net.minecraft.server.MinecraftServer.lambda$spin$0(MinecraftServer.java:320) ~[paper-1.19.4.jar:git-Paper-550]
	at java.lang.Thread.run(Thread.java:833) ~[?:?]
[07:57:52] [Server thread/INFO]: _BlueCulty[/127.193.223.215:0] logged in with entity id 332 at ([world]0.0, 64.0, 0.0)
[07:57:52] [Server thread/WARN]: [Essentials] Permissions lag notice with (LuckPermsHandler). Response took 58.455600ms. Summary: Getting prefix for _BlueCulty
[07:58:19] [Server thread/INFO]: Sorry, I couldn't find player: __BlueCulty
[07:58:21] [Server thread/INFO]: _BlueCulty fell from a high place
[07:58:42] [Server thread/INFO]: From the console, you must specify a player to teleport
[07:58:47] [Server thread/INFO]: _BlueCulty fell from a high place
[07:58:57] [Server thread/INFO]: [Essentials] CONSOLE issued server command: /gmc _blueculty
[07:58:57] [Server thread/INFO]: Set game mode creative for [admim]_BlueCulty.
[07:59:22] [Server thread/INFO]: --- Teleport ---
[07:59:22] [Server thread/INFO]: Allows you to display the teleport menu.
[07:59:22] [Server thread/INFO]: /mv tp [PLAYER] {DESTINATION}
[07:59:22] [Server thread/INFO]: Permission: multiverse.teleport.*
[07:59:22] [Server thread/INFO]: Aliases: mv tp, mvtp
[07:59:45] [Craft Scheduler Thread - 7 - ServersNPC/WARN]: [io.github.znetworkw.znpcservers.cache.TypeCache$BaseCache] No cache found for: [net.minecraft.network.protocol.game.PacketPlayOutEntityMetadata] : []
[07:59:45] [Craft Scheduler Thread - 7 - ServersNPC/WARN]: [io.github.znetworkw.znpcservers.cache.TypeCache$BaseCache] Skipping cache for [net.minecraft.network.protocol.game.PacketPlayOutEntityMetadata]
[08:00:05] [Server thread/INFO]: [_BlueCulty: Set the world spawn point to 0, 65, 1 [0.0]]
[08:00:34] [Async Chat Thread - #1/INFO]: [Not Secure] <[admim]_BlueCulty> yoo 
[08:03:58] [Server thread/INFO]: [_BlueCulty: Made _BlueCulty no longer a server operator]
[08:05:15] [Async Chat Thread - #2/INFO]: [Not Secure] <[admim]_BlueCulty> .
[08:05:59] [Server thread/INFO]: _BlueCulty was shot by Skeleton
[08:06:02] [Server thread/INFO]: _BlueCulty fell from a high place
[08:06:06] [Server thread/INFO]: _BlueCulty fell from a high place
[08:06:07] [defaultEventLoopGroup-7-2/INFO]: [Geyser-Spigot] BlueCulty has disconnected from the Java server because of Bedrock client disconnected
[08:06:07] [Geyser Spigot connection thread-6-3/INFO]: [floodgate] Floodgate player logged in as _BlueCulty disconnected
[08:06:07] [Server thread/INFO]: _BlueCulty lost connection: Disconnected
[08:06:07] [Server thread/INFO]: %_BlueCulty left the server!
[08:06:07] [Server thread/ERROR]: Could not pass event PlayerQuitEvent to PvPManager v3.14
java.lang.NullPointerException: Cannot invoke "org.bukkit.scoreboard.Team.getName()" because "this.inCombat" is null
	at me.chancesd.pvpmanager.player.nametag.BukkitNameTag.cleanup(BukkitNameTag.java:167) ~[PvPManager.jar:?]
	at me.NoChance.PvPManager.PvPlayer.cleanForRemoval(PvPlayer.java:335) ~[PvPManager.jar:?]
	at me.NoChance.PvPManager.Managers.PlayerHandler.removeUser(PlayerHandler.java:115) ~[PvPManager.jar:?]
	at me.NoChance.PvPManager.Listeners.PlayerListener.onPlayerLogout(PlayerListener.java:88) ~[PvPManager.jar:?]
	at com.destroystokyo.paper.event.executor.asm.generated.GeneratedEventExecutor315.execute(Unknown Source) ~[?:?]
	at org.bukkit.plugin.EventExecutor$2.execute(EventExecutor.java:77) ~[paper-api-1.19.4-R0.1-SNAPSHOT.jar:?]
	at co.aikar.timings.TimedEventExecutor.execute(TimedEventExecutor.java:81) ~[paper-api-1.19.4-R0.1-SNAPSHOT.jar:git-Paper-550]
	at org.bukkit.plugin.RegisteredListener.callEvent(RegisteredListener.java:70) ~[paper-api-1.19.4-R0.1-SNAPSHOT.jar:?]
	at io.papermc.paper.plugin.manager.PaperEventManager.callEvent(PaperEventManager.java:54) ~[paper-1.19.4.jar:git-Paper-550]
	at io.papermc.paper.plugin.manager.PaperPluginManagerImpl.callEvent(PaperPluginManagerImpl.java:126) ~[paper-1.19.4.jar:git-Paper-550]
	at org.bukkit.plugin.SimplePluginManager.callEvent(SimplePluginManager.java:615) ~[paper-api-1.19.4-R0.1-SNAPSHOT.jar:?]
	at net.minecraft.server.players.PlayerList.remove(PlayerList.java:592) ~[paper-1.19.4.jar:git-Paper-550]
	at net.minecraft.server.players.PlayerList.remove(PlayerList.java:577) ~[paper-1.19.4.jar:git-Paper-550]
	at net.minecraft.server.network.ServerGamePacketListenerImpl.onDisconnect(ServerGamePacketListenerImpl.java:2121) ~[?:?]
	at net.minecraft.server.network.ServerGamePacketListenerImpl.onDisconnect(ServerGamePacketListenerImpl.java:2100) ~[?:?]
	at net.minecraft.network.Connection.handleDisconnection(Connection.java:798) ~[?:?]
	at net.minecraft.server.network.ServerConnectionListener.tick(ServerConnectionListener.java:254) ~[?:?]
	at net.minecraft.server.MinecraftServer.tickChildren(MinecraftServer.java:1576) ~[paper-1.19.4.jar:git-Paper-550]
	at net.minecraft.server.dedicated.DedicatedServer.tickChildren(DedicatedServer.java:447) ~[paper-1.19.4.jar:git-Paper-550]
	at net.minecraft.server.MinecraftServer.tickServer(MinecraftServer.java:1397) ~[paper-1.19.4.jar:git-Paper-550]
	at net.minecraft.server.MinecraftServer.runServer(MinecraftServer.java:1174) ~[paper-1.19.4.jar:git-Paper-550]
	at net.minecraft.server.MinecraftServer.lambda$spin$0(MinecraftServer.java:320) ~[paper-1.19.4.jar:git-Paper-550]
	at java.lang.Thread.run(Thread.java:833) ~[?:?]
[08:50:52] [epollEventLoopGroup-4-1/INFO]: [Geyser-Spigot] /127.74.2.78:53695 tried to connect!
[08:50:53] [epollEventLoopGroup-4-1/INFO]: [Geyser-Spigot] /127.74.2.78:53695 tried to connect!
[08:50:55] [epollEventLoopGroup-4-3/INFO]: [Geyser-Spigot] Player connected with username BlueCulty
[08:50:55] [defaultEventLoopGroup-7-3/INFO]: [Geyser-Spigot] BlueCulty (logged in as: BlueCulty) has connected to the Java server
[08:50:56] [Geyser Spigot connection thread-6-4/INFO]: UUID of player _BlueCulty is 00000000-0000-0000-0009-01f1c61f1110
[08:50:56] [Server thread/INFO]: [floodgate] Floodgate player logged in as _BlueCulty joined (UUID: 00000000-0000-0000-0009-01f1c61f1110)
[08:50:56] [Server thread/INFO]: %_BlueCulty joined the server!
[08:50:56] [Server thread/ERROR]: Could not pass event PlayerJoinEvent to MySpawn v2.1a23
java.lang.ArrayIndexOutOfBoundsException: Index 1 out of bounds for length 1
	at theangel256.myspawn.events.Join.OnJoin(Join.java:97) ~[MySpawn.jar:?]
	at com.destroystokyo.paper.event.executor.asm.generated.GeneratedEventExecutor298.execute(Unknown Source) ~[?:?]
	at org.bukkit.plugin.EventExecutor$2.execute(EventExecutor.java:77) ~[paper-api-1.19.4-R0.1-SNAPSHOT.jar:?]
	at co.aikar.timings.TimedEventExecutor.execute(TimedEventExecutor.java:81) ~[paper-api-1.19.4-R0.1-SNAPSHOT.jar:git-Paper-550]
	at org.bukkit.plugin.RegisteredListener.callEvent(RegisteredListener.java:70) ~[paper-api-1.19.4-R0.1-SNAPSHOT.jar:?]
	at io.papermc.paper.plugin.manager.PaperEventManager.callEvent(PaperEventManager.java:54) ~[paper-1.19.4.jar:git-Paper-550]
	at io.papermc.paper.plugin.manager.PaperPluginManagerImpl.callEvent(PaperPluginManagerImpl.java:126) ~[paper-1.19.4.jar:git-Paper-550]
	at org.bukkit.plugin.SimplePluginManager.callEvent(SimplePluginManager.java:615) ~[paper-api-1.19.4-R0.1-SNAPSHOT.jar:?]
	at net.minecraft.server.players.PlayerList.placeNewPlayer(PlayerList.java:332) ~[paper-1.19.4.jar:git-Paper-550]
	at net.minecraft.server.network.ServerLoginPacketListenerImpl.placeNewPlayer(ServerLoginPacketListenerImpl.java:202) ~[?:?]
	at net.minecraft.server.network.ServerLoginPacketListenerImpl.handleAcceptedLogin(ServerLoginPacketListenerImpl.java:183) ~[?:?]
	at net.minecraft.server.network.ServerLoginPacketListenerImpl.tick(ServerLoginPacketListenerImpl.java:85) ~[?:?]
	at net.minecraft.network.Connection.tick(Connection.java:595) ~[?:?]
	at net.minecraft.server.network.ServerConnectionListener.tick(ServerConnectionListener.java:234) ~[?:?]
	at net.minecraft.server.MinecraftServer.tickChildren(MinecraftServer.java:1576) ~[paper-1.19.4.jar:git-Paper-550]
	at net.minecraft.server.dedicated.DedicatedServer.tickChildren(DedicatedServer.java:447) ~[paper-1.19.4.jar:git-Paper-550]
	at net.minecraft.server.MinecraftServer.tickServer(MinecraftServer.java:1397) ~[paper-1.19.4.jar:git-Paper-550]
	at net.minecraft.server.MinecraftServer.runServer(MinecraftServer.java:1174) ~[paper-1.19.4.jar:git-Paper-550]
	at net.minecraft.server.MinecraftServer.lambda$spin$0(MinecraftServer.java:320) ~[paper-1.19.4.jar:git-Paper-550]
	at java.lang.Thread.run(Thread.java:833) ~[?:?]
[08:50:56] [Server thread/INFO]: _BlueCulty[/127.74.2.78:0] logged in with entity id 1107 at ([world]-0.8991353, 65.0, 2.1320667)
[08:51:12] [Server thread/INFO]: _BlueCulty fell from a high place
[08:51:20] [Server thread/INFO]: _BlueCulty fell from a high place
[08:51:32] [Server thread/INFO]: _BlueCulty fell from a high place
[08:51:59] [Server thread/INFO]: _BlueCulty fell from a high place
[08:52:29] [Server thread/INFO]: _BlueCulty fell from a high place
[08:52:35] [Server thread/INFO]: _BlueCulty fell from a high place
[08:52:54] [defaultEventLoopGroup-7-3/INFO]: [Geyser-Spigot] BlueCulty has disconnected from the Java server because of Bedrock client disconnected
[08:52:54] [Geyser Spigot connection thread-6-4/INFO]: [floodgate] Floodgate player logged in as _BlueCulty disconnected
[08:52:54] [Server thread/INFO]: _BlueCulty lost connection: Disconnected
[08:52:54] [Server thread/INFO]: %_BlueCulty left the server!
[08:52:54] [Server thread/ERROR]: Could not pass event PlayerQuitEvent to PvPManager v3.14
java.lang.NullPointerException: Cannot invoke "org.bukkit.scoreboard.Team.getName()" because "this.inCombat" is null
	at me.chancesd.pvpmanager.player.nametag.BukkitNameTag.cleanup(BukkitNameTag.java:167) ~[PvPManager.jar:?]
	at me.NoChance.PvPManager.PvPlayer.cleanForRemoval(PvPlayer.java:335) ~[PvPManager.jar:?]
	at me.NoChance.PvPManager.Managers.PlayerHandler.removeUser(PlayerHandler.java:115) ~[PvPManager.jar:?]
	at me.NoChance.PvPManager.Listeners.PlayerListener.onPlayerLogout(PlayerListener.java:88) ~[PvPManager.jar:?]
	at com.destroystokyo.paper.event.executor.asm.generated.GeneratedEventExecutor315.execute(Unknown Source) ~[?:?]
	at org.bukkit.plugin.EventExecutor$2.execute(EventExecutor.java:77) ~[paper-api-1.19.4-R0.1-SNAPSHOT.jar:?]
	at co.aikar.timings.TimedEventExecutor.execute(TimedEventExecutor.java:81) ~[paper-api-1.19.4-R0.1-SNAPSHOT.jar:git-Paper-550]
	at org.bukkit.plugin.RegisteredListener.callEvent(RegisteredListener.java:70) ~[paper-api-1.19.4-R0.1-SNAPSHOT.jar:?]
	at io.papermc.paper.plugin.manager.PaperEventManager.callEvent(PaperEventManager.java:54) ~[paper-1.19.4.jar:git-Paper-550]
	at io.papermc.paper.plugin.manager.PaperPluginManagerImpl.callEvent(PaperPluginManagerImpl.java:126) ~[paper-1.19.4.jar:git-Paper-550]
	at org.bukkit.plugin.SimplePluginManager.callEvent(SimplePluginManager.java:615) ~[paper-api-1.19.4-R0.1-SNAPSHOT.jar:?]
	at net.minecraft.server.players.PlayerList.remove(PlayerList.java:592) ~[paper-1.19.4.jar:git-Paper-550]
	at net.minecraft.server.players.PlayerList.remove(PlayerList.java:577) ~[paper-1.19.4.jar:git-Paper-550]
	at net.minecraft.server.network.ServerGamePacketListenerImpl.onDisconnect(ServerGamePacketListenerImpl.java:2121) ~[?:?]
	at net.minecraft.server.network.ServerGamePacketListenerImpl.onDisconnect(ServerGamePacketListenerImpl.java:2100) ~[?:?]
	at net.minecraft.network.Connection.handleDisconnection(Connection.java:798) ~[?:?]
	at net.minecraft.server.network.ServerConnectionListener.tick(ServerConnectionListener.java:254) ~[?:?]
	at net.minecraft.server.MinecraftServer.tickChildren(MinecraftServer.java:1576) ~[paper-1.19.4.jar:git-Paper-550]
	at net.minecraft.server.dedicated.DedicatedServer.tickChildren(DedicatedServer.java:447) ~[paper-1.19.4.jar:git-Paper-550]
	at net.minecraft.server.MinecraftServer.tickServer(MinecraftServer.java:1397) ~[paper-1.19.4.jar:git-Paper-550]
	at net.minecraft.server.MinecraftServer.runServer(MinecraftServer.java:1174) ~[paper-1.19.4.jar:git-Paper-550]
	at net.minecraft.server.MinecraftServer.lambda$spin$0(MinecraftServer.java:320) ~[paper-1.19.4.jar:git-Paper-550]
	at java.lang.Thread.run(Thread.java:833) ~[?:?]
[08:57:41] [Craft Scheduler Thread - 48 - CratesPlus/INFO]: Checking for updates via Spigot...
[08:57:41] [Craft Scheduler Thread - 48 - CratesPlus/INFO]: [CratesPlus] No update was found, you are running the latest version. Will check again later.
[08:59:20] [Server thread/INFO]: Stopping server
[08:59:20] [Server thread/INFO]: [Geyser-Spigot] Disabling Geyser-Spigot v2.1.1-SNAPSHOT
[08:59:20] [Server thread/INFO]: [Geyser-Spigot] Shutting down Geyser.
[08:59:20] [Server thread/INFO]: [Geyser-Spigot] Geyser shutdown successfully.
[08:59:20] [WebSocketConnectReadThread-138/INFO]: [Geyser-Spigot] The skin uploader has been closed
[08:59:20] [Server thread/INFO]: [ServersNPC] Disabling ServersNPC v4.1
[08:59:20] [Server thread/INFO]: [PvPManager] Disabling PvPManager v3.14
[08:59:20] [Server thread/ERROR]: Error occurred (in the plugin loader) while disabling PvPManager v3.14 (Is it up to date?)
java.lang.NullPointerException: Cannot invoke "org.bukkit.scoreboard.Team.getName()" because "this.inCombat" is null
	at me.chancesd.pvpmanager.player.nametag.BukkitNameTag.cleanup(BukkitNameTag.java:167) ~[PvPManager.jar:?]
	at me.NoChance.PvPManager.PvPlayer.cleanForRemoval(PvPlayer.java:335) ~[PvPManager.jar:?]
	at me.NoChance.PvPManager.Managers.PlayerHandler.handlePluginDisable(PlayerHandler.java:209) ~[PvPManager.jar:?]
	at me.NoChance.PvPManager.PvPManager.onDisable(PvPManager.java:68) ~[PvPManager.jar:?]
	at org.bukkit.plugin.java.JavaPlugin.setEnabled(JavaPlugin.java:283) ~[paper-api-1.19.4-R0.1-SNAPSHOT.jar:?]
	at io.papermc.paper.plugin.manager.PaperPluginInstanceManager.disablePlugin(PaperPluginInstanceManager.java:224) ~[paper-1.19.4.jar:git-Paper-550]
	at io.papermc.paper.plugin.manager.PaperPluginInstanceManager.disablePlugins(PaperPluginInstanceManager.java:148) ~[paper-1.19.4.jar:git-Paper-550]
	at io.papermc.paper.plugin.manager.PaperPluginManagerImpl.disablePlugins(PaperPluginManagerImpl.java:92) ~[paper-1.19.4.jar:git-Paper-550]
	at org.bukkit.plugin.SimplePluginManager.disablePlugins(SimplePluginManager.java:528) ~[paper-api-1.19.4-R0.1-SNAPSHOT.jar:?]
	at org.bukkit.craftbukkit.v1_19_R3.CraftServer.disablePlugins(CraftServer.java:494) ~[paper-1.19.4.jar:git-Paper-550]
	at net.minecraft.server.MinecraftServer.stopServer(MinecraftServer.java:947) ~[paper-1.19.4.jar:git-Paper-550]
	at net.minecraft.server.dedicated.DedicatedServer.stopServer(DedicatedServer.java:804) ~[paper-1.19.4.jar:git-Paper-550]
	at net.minecraft.server.MinecraftServer.runServer(MinecraftServer.java:1213) ~[paper-1.19.4.jar:git-Paper-550]
	at net.minecraft.server.MinecraftServer.lambda$spin$0(MinecraftServer.java:320) ~[paper-1.19.4.jar:git-Paper-550]
	at java.lang.Thread.run(Thread.java:833) ~[?:?]
[08:59:20] [Server thread/INFO]: [MySpawn] Disabling MySpawn v2.1a23
[08:59:20] [Server thread/INFO]: [RealScoreboard] Disabling RealScoreboard v1.1
[08:59:20] [Server thread/INFO]: [DecentHolograms] Disabling DecentHolograms v2.8.2
[08:59:20] [Server thread/INFO]: [DiscordSRV] Disabling DiscordSRV v1.26.2
[08:59:20] [DiscordSRV - Shutdown/INFO]: [DiscordSRV] Saved linked accounts in 34ms
[08:59:20] [DiscordSRV - Shutdown/INFO]: [DiscordSRV] Shutdown completed in 439ms
[08:59:20] [Server thread/INFO]: [EconomyShopGUI] Disabling EconomyShopGUI v5.5.0
[08:59:20] [Server thread/INFO]: [CratesPlus] Disabling CratesPlus v4.5.3
[08:59:20] [Server thread/INFO]: [TimedRewards] Disabling TimedRewards v1.1.20
[08:59:21] [Server thread/INFO]: [ajLeaderboards] Disabling ajLeaderboards v2.7.0
[08:59:21] [pool-72-thread-1/INFO]: [ajLeaderboards] Shutting down cache method..
[08:59:21] [pool-72-thread-1/INFO]: [ajLeaderboards] Cache method shut down
[08:59:21] [Server thread/INFO]: [ajLeaderboards] Killing remaining workers
[08:59:21] [Server thread/INFO]: [ajLeaderboards] Remaining workers killed
[08:59:21] [Server thread/INFO]: [ajLeaderboards] ajLeaderboards v2.7.0 disabled.
[08:59:21] [Server thread/INFO]: [floodgate] Disabling floodgate v2.2.2-SNAPSHOT (b59-2278589)
[08:59:21] [Server thread/INFO]: [EssentialsChat] Disabling EssentialsChat v2.20.1-dev+13-a116e86
[08:59:21] [Server thread/INFO]: [BCommons] Disabling BCommons v0.3.0
[08:59:21] [Server thread/INFO]: [WorldGuard] Disabling WorldGuard v7.0.8+33cdb4a
[08:59:21] [Server thread/INFO]: [WorldGuard] Shutting down executor and cancelling any pending tasks...
[08:59:21] [Server thread/INFO]: [Multiverse-Core] Disabling Multiverse-Core v4.3.1-b861
[08:59:21] [Server thread/INFO]: [PlaceholderAPI] Disabling PlaceholderAPI v2.11.3
[08:59:21] [Server thread/INFO]: [Essentials] Disabling Essentials v2.20.0
[08:59:21] [Server thread/INFO]: [Vault] [Economy] Essentials Economy unhooked.
[08:59:21] [Server thread/INFO]: [WorldEdit] Disabling WorldEdit v7.2.14+6360-094b734
[08:59:21] [Server thread/INFO]: Unregistering com.sk89q.worldedit.bukkit.BukkitServerInterface from WorldEdit
[08:59:21] [Server thread/INFO]: [Vault] Disabling Vault v1.7.3-b131
[08:59:21] [Server thread/INFO]: [LuckPerms] Disabling LuckPerms v5.4.82
[08:59:21] [Server thread/INFO]: [LuckPerms] Starting shutdown process...
[08:59:21] [Server thread/INFO]: [LuckPerms] Closing storage...
[08:59:21] [Server thread/INFO]: [LuckPerms] Goodbye!
[08:59:21] [Server thread/INFO]: [ViaVersion] Disabling ViaVersion v4.7.0
[08:59:21] [Server thread/INFO]: [ViaVersion] ViaVersion is disabling, if this is a reload and you experience issues consider rebooting.
[08:59:21] [Server thread/INFO]: Saving players
[08:59:21] [Server thread/INFO]: Saving worlds
[08:59:21] [Server thread/INFO]: Saving chunks for level 'ServerLevel[world]'/minecraft:overworld
[08:59:21] [Server thread/INFO]: [ChunkHolderManager] Waiting 60s for chunk system to halt for world 'world'
[08:59:21] [Server thread/INFO]: [ChunkHolderManager] Halted chunk system for world 'world'
[08:59:21] [Server thread/INFO]: [ChunkHolderManager] Saving all chunkholders for world 'world'
[08:59:21] [Server thread/INFO]: [ChunkHolderManager] Saved 0 block chunks, 96 entity chunks, 0 poi chunks in world 'world' in 0.21s
[08:59:21] [Server thread/INFO]: ThreadedAnvilChunkStorage (world): All chunks are saved
[08:59:21] [Server thread/INFO]: Saving chunks for level 'ServerLevel[world_nether]'/minecraft:the_nether
[08:59:21] [Server thread/INFO]: [ChunkHolderManager] Waiting 60s for chunk system to halt for world 'world_nether'
[08:59:21] [Server thread/INFO]: [ChunkHolderManager] Halted chunk system for world 'world_nether'
[08:59:21] [Server thread/INFO]: [ChunkHolderManager] Saving all chunkholders for world 'world_nether'
[08:59:21] [Server thread/INFO]: [ChunkHolderManager] Saved 0 block chunks, 53 entity chunks, 0 poi chunks in world 'world_nether' in 0.12s
[08:59:21] [Server thread/INFO]: ThreadedAnvilChunkStorage (DIM-1): All chunks are saved
[08:59:21] [Server thread/INFO]: Saving chunks for level 'ServerLevel[world_the_end]'/minecraft:the_end
[08:59:21] [Server thread/INFO]: [ChunkHolderManager] Waiting 60s for chunk system to halt for world 'world_the_end'
[08:59:21] [Server thread/INFO]: [ChunkHolderManager] Halted chunk system for world 'world_the_end'
[08:59:21] [Server thread/INFO]: [ChunkHolderManager] Saving all chunkholders for world 'world_the_end'
[08:59:22] [Server thread/INFO]: [ChunkHolderManager] Saved 10 block chunks, 30 entity chunks, 0 poi chunks in world 'world_the_end' in 0.10s
[08:59:22] [Server thread/INFO]: ThreadedAnvilChunkStorage (DIM1): All chunks are saved
[08:59:22] [Server thread/INFO]: Saving chunks for level 'ServerLevel[lobby]'/minecraft:lobby
[08:59:22] [Server thread/INFO]: [ChunkHolderManager] Waiting 60s for chunk system to halt for world 'lobby'
[08:59:22] [Server thread/INFO]: [ChunkHolderManager] Halted chunk system for world 'lobby'
[08:59:22] [Server thread/INFO]: [ChunkHolderManager] Saving all chunkholders for world 'lobby'
[08:59:22] [Server thread/INFO]: [ChunkHolderManager] Saved 0 block chunks, 0 entity chunks, 0 poi chunks in world 'lobby' in 0.00s
[08:59:22] [Server thread/INFO]: ThreadedAnvilChunkStorage (lobby): All chunks are saved
[08:59:22] [Server thread/INFO]: ThreadedAnvilChunkStorage: All dimensions are saved
[08:59:22] [Server thread/INFO]: Saving usercache.json
[08:59:22] [Server thread/INFO]: Flushing Chunk IO
[08:59:22] [Server thread/INFO]: Closing Thread Pool
[08:59:22] [Server thread/INFO]: Closing Server
